Secret Key URI `//1//grandpa` is account:
  Secret seed:      0x7ac062684fe35aa473ede6e02510ec12e4b80571a070d0d285f129f9303ba3c0
  Public key (hex): 0xb3d7b25de30f345bfb40e0fb78f86acc36a7edc045615d5dee2cb9539faa8219
  Account ID:       0xb3d7b25de30f345bfb40e0fb78f86acc36a7edc045615d5dee2cb9539faa8219
  SS58 Address:     5G8WWBAq4gpFLEnQjsxPkfYRdXNs3UkaeR8QG39HVjub8agw
Secret Key URI `//2//grandpa` is account:
  Secret seed:      0x249e587cb49fde13d0a0aeb98467ba09b61f57fc5de3995e9794aae9cfc2b3b1
  Public key (hex): 0x6f13f7e727ef6b4094b346e351e66242b51fbbb6a2eac532b55389f1314d2d11
  Account ID:       0x6f13f7e727ef6b4094b346e351e66242b51fbbb6a2eac532b55389f1314d2d11
  SS58 Address:     5EaM6zor3sPnqfYLM1CRu1RFPsyMkNa1B1r3J4itBSLs8mx8
Secret Key URI `//3//grandpa` is account:
  Secret seed:      0x4e1491b4df12fe75def177660c9de0454fd188046d7bf0f26e12c378c13ffb33
  Public key (hex): 0xa3e5f0d91041642f5c82b75ba6ef5fbd429463797e66e813a816251a1a64e3ff
  Account ID:       0xa3e5f0d91041642f5c82b75ba6ef5fbd429463797e66e813a816251a1a64e3ff
  SS58 Address:     5FmbyAA9Qj34wGbKRUG6ECDHx7nNqeJe9jz3q1nJnaMDk25b
Secret Key URI `//4//grandpa` is account:
  Secret seed:      0xe3d8213228a73360e7829e2481b71e333793f1af36f9cc1200028e578e69ba8c
  Public key (hex): 0x99840922a08e2473e9e63718f9e562cfe391eb3ca5c4f6b22d03a5fa3f5148de
  Account ID:       0x99840922a08e2473e9e63718f9e562cfe391eb3ca5c4f6b22d03a5fa3f5148de
  SS58 Address:     5FXzQX5s63RAAuRi8q4XoFa9VPaCLwa5Np3fbWgyXFUrPDiR
