Secret phrase `minor shield stable maple attack silver jazz arm season entire bundle team` is account:
  Secret seed:      0x72ea317c5a4201e012c21d418fa49ee0825e2673b39155a7a512070017eb05a8
  Public key (hex): 0x9cb2124ac7fb1665a6777889d47b64596828f822748ae8b80e2d7c363bbcba3d
  Account ID:       0x9cb2124ac7fb1665a6777889d47b64596828f822748ae8b80e2d7c363bbcba3d
  SS58 Address:     5FcAE2ejfLX7kjHRya7fxVei8FrzthpybCjTinH33NLsDvLR
Secret phrase `sure napkin sphere trigger explain owner rocket tent gossip income winter regret` is account:
  Secret seed:      0x304a16163cf998159ef0d949eed09a2744ebe0dfd38f80ceee4e7dc1503b76e2
  Public key (hex): 0xc089eb45d095b57ae5b3f2a124412ed72e9511301264f35c3a17b17103a77468
  Account ID:       0xc089eb45d095b57ae5b3f2a124412ed72e9511301264f35c3a17b17103a77468
  SS58 Address:     5GRA2ChKHZNrrcALhvRnyJsA6Dy2rbzcdwg6DBt8jcJnqMU2
Secret phrase `agree this issue deal spike blossom search text audit quick slim insect` is account:
  Secret seed:      0xa5775b7ff4f50b327b7b012a94a73bdb7379c8645dcf1203af28276e3938d61b
  Public key (hex): 0xd6a1a7216e43302d2799f4662223e7dcc76b1483a62e50d5449bf0c20a8a1a26
  Account ID:       0xd6a1a7216e43302d2799f4662223e7dcc76b1483a62e50d5449bf0c20a8a1a26
  SS58 Address:     5Gv88E9gPocgHgRkU3ph9LAaD7pfTH9hk3xy6QcXDPWVoh1z
Secret phrase `trumpet midnight consider possible west state video lounge miss woman lion shop` is account:
  Secret seed:      0x5cff401d3a77e0878d4428c12c8b749ac01bb51048f2b24b008078703b2f01fc
  Public key (hex): 0x7c320e2de3b96248e24333953731551baec94082465ed47e2eb289ddd5c50f5f
  Account ID:       0x7c320e2de3b96248e24333953731551baec94082465ed47e2eb289ddd5c50f5f
  SS58 Address:     5EsYfVMwMkcJbA7CA5V5Tq5vTtn3uY78UCCRjJeX38qjtwxh
