Secret Key URI `//1//im_online` is account:
  Secret seed:      0xf4cbdb20b331027873d7bb02af72913f52e24a1c549bbd0594eda565f1373588
  Public key (hex): 0xaac2440bfa090b89b151bd32e664cf3a77646040d58beeca4c66a8727d78fa4c
  Account ID:       0xaac2440bfa090b89b151bd32e664cf3a77646040d58beeca4c66a8727d78fa4c
  SS58 Address:     5Fvbhw7qHqrUXfErS8afAzPvpnbEk6BCXxMzoFTYk5Lg2dmD
Secret Key URI `//2//im_online` is account:
  Secret seed:      0xac6d4fcbb3105802e04a4404719b1d6ee87f262728fc9ab6dbb00a680c4a62db
  Public key (hex): 0xc8bc5af37ae86784b073d2b88133cae60c268c31a1c2b108c92d3d16fc3a7d77
  Account ID:       0xc8bc5af37ae86784b073d2b88133cae60c268c31a1c2b108c92d3d16fc3a7d77
  SS58 Address:     5GbuPR9jeuLuzVyyXQ8i4UF22G7HTG9RMencHkqNPfQMgLix
Secret Key URI `//3//im_online` is account:
  Secret seed:      0xd9926f375a85bf001bdf448a4a71b889490d1c4ed333e2ddbaf3b295f7f64f44
  Public key (hex): 0x96a248883659efafd966e84a71c8387ac05c0838b34469f5e10e00f9c5da4c26
  Account ID:       0x96a248883659efafd966e84a71c8387ac05c0838b34469f5e10e00f9c5da4c26
  SS58 Address:     5FUDFLosMyMhiV1cuD4JvxMPfhtTGDS9Ta8eA1whcDuLUA3u
Secret Key URI `//4//im_online` is account:
  Secret seed:      0xc00006ec0ad3299676b587a1c0361207b09684492b8ccd882717cf3062d67e28
  Public key (hex): 0x841c813d8917ef3164dc3a8734f7f09713e83cf17eec5a83df5bb1c4588c3f28
  Account ID:       0x841c813d8917ef3164dc3a8734f7f09713e83cf17eec5a83df5bb1c4588c3f28
  SS58 Address:     5F3veQDYtog6CttMtkvGscE5RswzN66K9KaaXLSDtFCFWwnH
